09:32:03.903 [main] DEBUG org.testng.TestNG - suiteXmlPath: "C:\Users\achir\Desktop\Gow\Opencart\final.xml"
09:32:10.793 [main] INFO  testCases.Tc_001_AccountRegistrationTest - *********Starting Tc_001_AccountRegistrationTest************
09:32:10.793 [main] DEBUG testCases.Tc_001_AccountRegistrationTest - application logs..........
09:32:11.225 [main] INFO  testCases.Tc_001_AccountRegistrationTest - ****Clicked on Myaccount link*********
09:32:11.964 [main] INFO  testCases.Tc_001_AccountRegistrationTest - **********Clicked on registration link******
09:32:11.978 [main] INFO  testCases.Tc_001_AccountRegistrationTest - **********Entering customer information******
09:32:12.447 [main] INFO  testCases.Tc_001_AccountRegistrationTest - ****Clicked on agree*****
09:32:15.230 [main] INFO  testCases.Tc_001_AccountRegistrationTest - ******Clicked on continue*********
09:32:15.272 [main] INFO  testCases.Tc_001_AccountRegistrationTest - ********Validating Massage*********
09:32:15.272 [main] INFO  testCases.Tc_001_AccountRegistrationTest - Test passed
09:32:15.274 [main] INFO  testCases.Tc_001_AccountRegistrationTest - ******Finished Test case************
09:32:17.033 [main] INFO  testCases.Tc_002_LoginTest - ****Starting Tc_002_LoginTest****
09:32:17.034 [main] DEBUG testCases.Tc_002_LoginTest - capturing application debuglogs....
09:32:17.432 [main] INFO  testCases.Tc_002_LoginTest - we clicked on my account link
09:32:17.923 [main] INFO  testCases.Tc_002_LoginTest - we clicked on loginlink...
09:32:17.931 [main] INFO  testCases.Tc_002_LoginTest - entering valid details
09:32:18.582 [main] INFO  testCases.Tc_002_LoginTest - clicked on login button...
09:32:18.660 [main] INFO  testCases.Tc_002_LoginTest - login test passed
09:32:18.661 [main] INFO  testCases.Tc_002_LoginTest - ****Ending  Tc_002_LoginTest****
09:40:44.568 [main] DEBUG org.testng.TestNG - suiteXmlPath: "C:\Users\achir\Desktop\Gow\Opencart\final.xml"
09:40:47.571 [main] INFO  testCases.Tc_001_AccountRegistrationTest - *********Starting Tc_001_AccountRegistrationTest************
09:40:47.571 [main] DEBUG testCases.Tc_001_AccountRegistrationTest - application logs..........
09:40:47.976 [main] INFO  testCases.Tc_001_AccountRegistrationTest - ****Clicked on Myaccount link*********
09:40:48.451 [main] INFO  testCases.Tc_001_AccountRegistrationTest - **********Clicked on registration link******
09:40:48.453 [main] INFO  testCases.Tc_001_AccountRegistrationTest - **********Entering customer information******
09:40:48.862 [main] INFO  testCases.Tc_001_AccountRegistrationTest - ****Clicked on agree*****
09:40:51.489 [main] INFO  testCases.Tc_001_AccountRegistrationTest - ******Clicked on continue*********
09:40:51.521 [main] INFO  testCases.Tc_001_AccountRegistrationTest - ********Validating Massage*********
09:40:51.521 [main] INFO  testCases.Tc_001_AccountRegistrationTest - Test passed
09:40:51.523 [main] INFO  testCases.Tc_001_AccountRegistrationTest - ******Finished Test case************
09:40:53.164 [main] INFO  testCases.Tc_002_LoginTest - ****Starting Tc_002_LoginTest****
09:40:53.164 [main] DEBUG testCases.Tc_002_LoginTest - capturing application debuglogs....
09:40:53.550 [main] INFO  testCases.Tc_002_LoginTest - we clicked on my account link
09:40:53.957 [main] INFO  testCases.Tc_002_LoginTest - we clicked on loginlink...
09:40:53.959 [main] INFO  testCases.Tc_002_LoginTest - entering valid details
09:40:54.599 [main] INFO  testCases.Tc_002_LoginTest - clicked on login button...
09:40:54.646 [main] INFO  testCases.Tc_002_LoginTest - login test passed
09:40:54.647 [main] INFO  testCases.Tc_002_LoginTest - ****Ending  Tc_002_LoginTest****
10:41:38.691 [main] DEBUG org.testng.TestNG - suiteXmlPath: "C:\Users\achir\Desktop\Gow\Opencart\final.xml"
10:41:41.549 [main] INFO  testCases.Tc_001_AccountRegistrationTest - *********Starting Tc_001_AccountRegistrationTest************
10:41:41.549 [main] DEBUG testCases.Tc_001_AccountRegistrationTest - application logs..........
10:41:41.969 [main] INFO  testCases.Tc_001_AccountRegistrationTest - ****Clicked on Myaccount link*********
10:41:42.272 [main] INFO  testCases.Tc_001_AccountRegistrationTest - **********Clicked on registration link******
10:41:42.273 [main] INFO  testCases.Tc_001_AccountRegistrationTest - **********Entering customer information******
10:41:42.666 [main] INFO  testCases.Tc_001_AccountRegistrationTest - ****Clicked on agree*****
10:41:45.039 [main] INFO  testCases.Tc_001_AccountRegistrationTest - ******Clicked on continue*********
10:41:45.078 [main] INFO  testCases.Tc_001_AccountRegistrationTest - ********Validating Massage*********
10:41:45.079 [main] INFO  testCases.Tc_001_AccountRegistrationTest - Test passed
10:41:45.081 [main] INFO  testCases.Tc_001_AccountRegistrationTest - ******Finished Test case************
10:41:46.615 [main] INFO  testCases.Tc_002_LoginTest - ****Starting Tc_002_LoginTest****
10:41:46.616 [main] DEBUG testCases.Tc_002_LoginTest - capturing application debuglogs....
