10:24:44.319 [main] DEBUG org.apache.poi.hssf.usermodel.HSSFSheet - Time at start of cell creating in HSSF sheet = 1715966684319
10:24:44.323 [main] DEBUG org.apache.poi.hssf.usermodel.HSSFSheet - total sheet cell creation took 4ms
10:24:44.323 [main] DEBUG org.apache.poi.hssf.model.InternalSheet - sheet createSheet (existing file) exited
10:24:44.324 [main] DEBUG org.apache.poi.hssf.usermodel.HSSFSheet - Time at start of cell creating in HSSF sheet = 1715966684324
10:24:44.324 [main] DEBUG org.apache.poi.hssf.usermodel.HSSFSheet - total sheet cell creation took 0ms
10:24:44.324 [main] DEBUG org.apache.poi.hssf.model.InternalSheet - sheet createSheet (existing file) exited
10:24:44.324 [main] DEBUG org.apache.poi.hssf.usermodel.HSSFSheet - Time at start of cell creating in HSSF sheet = 1715966684324
10:24:44.325 [main] DEBUG org.apache.poi.hssf.usermodel.HSSFSheet - total sheet cell creation took 1ms
10:24:44.328 [main] DEBUG org.apache.poi.hssf.model.InternalWorkbook - Workbook (readfile) created with reclen=180
10:24:44.328 [main] DEBUG org.apache.poi.hssf.model.InternalWorkbook - exit create workbook from existing file function
10:24:44.328 [main] DEBUG org.apache.poi.hssf.usermodel.HSSFWorkbook - convertLabelRecords called
10:24:44.328 [main] DEBUG org.apache.poi.hssf.usermodel.HSSFWorkbook - convertLabelRecords exit
10:24:44.328 [main] DEBUG org.apache.poi.hssf.model.InternalSheet - sheet createSheet (existing file) exited
10:24:44.328 [main] DEBUG org.apache.poi.hssf.usermodel.HSSFSheet - Time at start of cell creating in HSSF sheet = 1715966684328
10:24:44.329 [main] DEBUG org.apache.poi.hssf.usermodel.HSSFSheet - total sheet cell creation took 0ms
10:24:44.329 [main] DEBUG org.apache.poi.hssf.model.InternalSheet - sheet createSheet (existing file) exited
10:24:44.329 [main] DEBUG org.apache.poi.hssf.usermodel.HSSFSheet - Time at start of cell creating in HSSF sheet = 1715966684329
10:24:44.329 [main] DEBUG org.apache.poi.hssf.usermodel.HSSFSheet - total sheet cell creation took 0ms
10:24:44.329 [main] DEBUG org.apache.poi.hssf.model.InternalSheet - sheet createSheet (existing file) exited
10:24:44.329 [main] DEBUG org.apache.poi.hssf.usermodel.HSSFSheet - Time at start of cell creating in HSSF sheet = 1715966684329
10:24:44.329 [main] DEBUG org.apache.poi.hssf.usermodel.HSSFSheet - total sheet cell creation took 0ms
10:24:44.350 [main] INFO  testCases.Tc_003_LoginDDT - ***Starting Tc_003_LoginDDT ***
10:24:46.207 [main] INFO  testCases.Tc_003_LoginDDT - ***Finshed Datadriven Test***
10:24:46.228 [main] INFO  testCases.Tc_003_LoginDDT - ***Starting Tc_003_LoginDDT ***
10:24:47.898 [main] INFO  testCases.Tc_003_LoginDDT - ***Finshed Datadriven Test***
10:24:47.907 [main] INFO  testCases.Tc_003_LoginDDT - ***Starting Tc_003_LoginDDT ***
10:25:03.314 [main] INFO  testCases.Tc_003_LoginDDT - ***Finshed Datadriven Test***
10:25:03.318 [main] INFO  testCases.Tc_003_LoginDDT - ***Starting Tc_003_LoginDDT ***
10:35:46.247 [main] DEBUG org.testng.TestNG - suiteXmlPath: "C:\Users\achir\Desktop\Gow\Opencart\final.xml"
10:35:50.398 [main] INFO  testCases.Tc_001_AccountRegistrationTest - *********Starting Tc_001_AccountRegistrationTest************
10:35:50.398 [main] DEBUG testCases.Tc_001_AccountRegistrationTest - application logs..........
10:35:50.915 [main] INFO  testCases.Tc_001_AccountRegistrationTest - ****Clicked on Myaccount link*********
10:35:51.500 [main] INFO  testCases.Tc_001_AccountRegistrationTest - **********Clicked on registration link******
10:35:51.522 [main] INFO  testCases.Tc_001_AccountRegistrationTest - **********Entering customer information******
10:35:52.002 [main] INFO  testCases.Tc_001_AccountRegistrationTest - ****Clicked on agree*****
10:35:54.533 [main] INFO  testCases.Tc_001_AccountRegistrationTest - ******Clicked on continue*********
10:35:54.567 [main] INFO  testCases.Tc_001_AccountRegistrationTest - ********Validating Massage*********
10:35:54.567 [main] INFO  testCases.Tc_001_AccountRegistrationTest - Test passed
10:35:54.570 [main] INFO  testCases.Tc_001_AccountRegistrationTest - ******Finished Test case************
10:35:57.287 [main] INFO  testCases.Tc_002_LoginTest - ****Starting Tc_002_LoginTest****
10:35:57.288 [main] DEBUG testCases.Tc_002_LoginTest - capturing application debuglogs....
10:35:57.749 [main] INFO  testCases.Tc_002_LoginTest - we clicked on my account link
10:35:58.250 [main] INFO  testCases.Tc_002_LoginTest - we clicked on loginlink...
10:35:58.254 [main] INFO  testCases.Tc_002_LoginTest - entering valid details
10:35:59.137 [main] INFO  testCases.Tc_002_LoginTest - clicked on login button...
10:35:59.219 [main] INFO  testCases.Tc_002_LoginTest - login test passed
10:35:59.220 [main] INFO  testCases.Tc_002_LoginTest - ****Ending  Tc_002_LoginTest****
