10:24:44.295 [main] DEBUG org.apache.poi.hssf.usermodel.HSSFSheet - total sheet cell creation took 0ms
10:24:44.302 [main] DEBUG org.apache.poi.hssf.model.InternalWorkbook - Workbook (readfile) created with reclen=180
10:24:44.302 [main] DEBUG org.apache.poi.hssf.model.InternalWorkbook - exit create workbook from existing file function
10:24:44.303 [main] DEBUG org.apache.poi.hssf.usermodel.HSSFWorkbook - convertLabelRecords called
10:24:44.303 [main] DEBUG org.apache.poi.hssf.usermodel.HSSFWorkbook - convertLabelRecords exit
10:24:44.303 [main] DEBUG org.apache.poi.hssf.model.InternalSheet - sheet createSheet (existing file) exited
10:24:44.305 [main] DEBUG org.apache.poi.hssf.usermodel.HSSFSheet - Time at start of cell creating in HSSF sheet = 1715966684304
10:24:44.305 [main] DEBUG org.apache.poi.hssf.usermodel.HSSFSheet - total sheet cell creation took 1ms
10:24:44.305 [main] DEBUG org.apache.poi.hssf.model.InternalSheet - sheet createSheet (existing file) exited
10:24:44.305 [main] DEBUG org.apache.poi.hssf.usermodel.HSSFSheet - Time at start of cell creating in HSSF sheet = 1715966684305
10:24:44.305 [main] DEBUG org.apache.poi.hssf.usermodel.HSSFSheet - total sheet cell creation took 0ms
10:24:44.306 [main] DEBUG org.apache.poi.hssf.model.InternalSheet - sheet createSheet (existing file) exited
10:24:44.306 [main] DEBUG org.apache.poi.hssf.usermodel.HSSFSheet - Time at start of cell creating in HSSF sheet = 1715966684306
10:24:44.306 [main] DEBUG org.apache.poi.hssf.usermodel.HSSFSheet - total sheet cell creation took 0ms
10:24:44.309 [main] DEBUG org.apache.poi.hssf.model.InternalWorkbook - Workbook (readfile) created with reclen=180
10:24:44.309 [main] DEBUG org.apache.poi.hssf.model.InternalWorkbook - exit create workbook from existing file function
10:24:44.309 [main] DEBUG org.apache.poi.hssf.usermodel.HSSFWorkbook - convertLabelRecords called
10:24:44.309 [main] DEBUG org.apache.poi.hssf.usermodel.HSSFWorkbook - convertLabelRecords exit
10:24:44.309 [main] DEBUG org.apache.poi.hssf.model.InternalSheet - sheet createSheet (existing file) exited
10:24:44.309 [main] DEBUG org.apache.poi.hssf.usermodel.HSSFSheet - Time at start of cell creating in HSSF sheet = 1715966684309
10:24:44.309 [main] DEBUG org.apache.poi.hssf.usermodel.HSSFSheet - total sheet cell creation took 0ms
10:24:44.310 [main] DEBUG org.apache.poi.hssf.model.InternalSheet - sheet createSheet (existing file) exited
10:24:44.310 [main] DEBUG org.apache.poi.hssf.usermodel.HSSFSheet - Time at start of cell creating in HSSF sheet = 1715966684310
10:24:44.310 [main] DEBUG org.apache.poi.hssf.usermodel.HSSFSheet - total sheet cell creation took 0ms
10:24:44.310 [main] DEBUG org.apache.poi.hssf.model.InternalSheet - sheet createSheet (existing file) exited
10:24:44.310 [main] DEBUG org.apache.poi.hssf.usermodel.HSSFSheet - Time at start of cell creating in HSSF sheet = 1715966684310
10:24:44.310 [main] DEBUG org.apache.poi.hssf.usermodel.HSSFSheet - total sheet cell creation took 0ms
10:24:44.313 [main] DEBUG org.apache.poi.hssf.model.InternalWorkbook - Workbook (readfile) created with reclen=180
10:24:44.313 [main] DEBUG org.apache.poi.hssf.model.InternalWorkbook - exit create workbook from existing file function
10:24:44.313 [main] DEBUG org.apache.poi.hssf.usermodel.HSSFWorkbook - convertLabelRecords called
10:24:44.314 [main] DEBUG org.apache.poi.hssf.usermodel.HSSFWorkbook - convertLabelRecords exit
10:24:44.314 [main] DEBUG org.apache.poi.hssf.model.InternalSheet - sheet createSheet (existing file) exited
10:24:44.314 [main] DEBUG org.apache.poi.hssf.usermodel.HSSFSheet - Time at start of cell creating in HSSF sheet = 1715966684314
10:24:44.314 [main] DEBUG org.apache.poi.hssf.usermodel.HSSFSheet - total sheet cell creation took 0ms
10:24:44.314 [main] DEBUG org.apache.poi.hssf.model.InternalSheet - sheet createSheet (existing file) exited
10:24:44.315 [main] DEBUG org.apache.poi.hssf.usermodel.HSSFSheet - Time at start of cell creating in HSSF sheet = 1715966684315
10:24:44.315 [main] DEBUG org.apache.poi.hssf.usermodel.HSSFSheet - total sheet cell creation took 0ms
10:24:44.315 [main] DEBUG org.apache.poi.hssf.model.InternalSheet - sheet createSheet (existing file) exited
10:24:44.315 [main] DEBUG org.apache.poi.hssf.usermodel.HSSFSheet - Time at start of cell creating in HSSF sheet = 1715966684315
10:24:44.315 [main] DEBUG org.apache.poi.hssf.usermodel.HSSFSheet - total sheet cell creation took 0ms
10:24:44.318 [main] DEBUG org.apache.poi.hssf.model.InternalWorkbook - Workbook (readfile) created with reclen=180
10:24:44.318 [main] DEBUG org.apache.poi.hssf.model.InternalWorkbook - exit create workbook from existing file function
10:24:44.318 [main] DEBUG org.apache.poi.hssf.usermodel.HSSFWorkbook - convertLabelRecords called
10:24:44.318 [main] DEBUG org.apache.poi.hssf.usermodel.HSSFWorkbook - convertLabelRecords exit
10:24:44.319 [main] DEBUG org.apache.poi.hssf.model.InternalSheet - sheet createSheet (existing file) exited
